<?xml version="1.0" encoding="UTF-8"?>
<robot generator="Robot 3.2 (Python 3.7.1 on win32)" generated="20200503 20:22:01.810" rpa="false">
<suite id="s1" name="Login Form" source="C:\Users\adria\OneDrive\Documentos\qaninja\robot\web\tests\login_form.robot">
<kw name="Nova sessão" library="base" type="setup">
<kw name="Open Browser" library="SeleniumLibrary">
<doc>Opens a new browser instance to the optional ``url``.</doc>
<arguments>
<arg>${url}</arg>
<arg>chrome</arg>
</arguments>
<msg timestamp="20200503 20:22:02.049" level="INFO">Opening browser 'chrome' to base url 'https://training-wheels-protocol.herokuapp.com/'.</msg>
<status status="PASS" starttime="20200503 20:22:02.048" endtime="20200503 20:22:12.857"></status>
</kw>
<kw name="Maximize Browser Window" library="SeleniumLibrary">
<doc>Maximizes current browser window.</doc>
<status status="PASS" starttime="20200503 20:22:12.857" endtime="20200503 20:22:15.036"></status>
</kw>
<status status="PASS" starttime="20200503 20:22:02.048" endtime="20200503 20:22:15.036"></status>
</kw>
<test id="s1-t1" name="Successfully Login">
<kw name="Go To" library="SeleniumLibrary">
<doc>Navigates the current browser window to the provided ``url``.</doc>
<arguments>
<arg>${url}/login</arg>
</arguments>
<msg timestamp="20200503 20:22:15.038" level="INFO">Opening url 'https://training-wheels-protocol.herokuapp.com//login'</msg>
<status status="PASS" starttime="20200503 20:22:15.037" endtime="20200503 20:22:15.819"></status>
</kw>
<kw name="Login With">
<arguments>
<arg>stark</arg>
<arg>jarvis!</arg>
</arguments>
<kw name="Input Text" library="SeleniumLibrary">
<doc>Types the given ``text`` into the text field identified by ``locator``.</doc>
<arguments>
<arg>css:input[name='username']</arg>
<arg>${username}</arg>
</arguments>
<msg timestamp="20200503 20:22:15.823" level="INFO">Typing text 'stark' into text field 'css:input[name='username']'.</msg>
<status status="PASS" starttime="20200503 20:22:15.823" endtime="20200503 20:22:16.155"></status>
</kw>
<kw name="Input Text" library="SeleniumLibrary">
<doc>Types the given ``text`` into the text field identified by ``locator``.</doc>
<arguments>
<arg>css:input[name='password']</arg>
<arg>${password}</arg>
</arguments>
<msg timestamp="20200503 20:22:16.157" level="INFO">Typing text 'jarvis!' into text field 'css:input[name='password']'.</msg>
<status status="PASS" starttime="20200503 20:22:16.156" endtime="20200503 20:22:16.505"></status>
</kw>
<kw name="Click Element" library="SeleniumLibrary">
<doc>Click the element identified by ``locator``.</doc>
<arguments>
<arg>class:btn-login</arg>
</arguments>
<msg timestamp="20200503 20:22:16.506" level="INFO">Clicking element 'class:btn-login'.</msg>
<status status="PASS" starttime="20200503 20:22:16.506" endtime="20200503 20:22:17.242"></status>
</kw>
<status status="PASS" starttime="20200503 20:22:15.821" endtime="20200503 20:22:17.243"></status>
</kw>
<kw name="Should See Logged User">
<arguments>
<arg>Tony Stark</arg>
</arguments>
<kw name="Page Should Contain" library="SeleniumLibrary">
<doc>Verifies that current page contains ``text``.</doc>
<arguments>
<arg>Olá, ${full_name}. Você acessou a área logada!</arg>
</arguments>
<msg timestamp="20200503 20:22:17.340" level="INFO">Current page contains text 'Olá, Tony Stark. Você acessou a área logada!'.</msg>
<status status="PASS" starttime="20200503 20:22:17.246" endtime="20200503 20:22:17.341"></status>
</kw>
<status status="PASS" starttime="20200503 20:22:17.245" endtime="20200503 20:22:17.341"></status>
</kw>
<status status="PASS" starttime="20200503 20:22:15.037" endtime="20200503 20:22:17.353" critical="yes"></status>
</test>
<test id="s1-t2" name="Unsuccessful Login, wrong pass">
<kw name="Go To" library="SeleniumLibrary">
<doc>Navigates the current browser window to the provided ``url``.</doc>
<arguments>
<arg>${url}/login</arg>
</arguments>
<msg timestamp="20200503 20:22:17.375" level="INFO">Opening url 'https://training-wheels-protocol.herokuapp.com//login'</msg>
<status status="PASS" starttime="20200503 20:22:17.374" endtime="20200503 20:22:17.854"></status>
</kw>
<kw name="Login With">
<arguments>
<arg>stark</arg>
<arg>test!</arg>
</arguments>
<kw name="Input Text" library="SeleniumLibrary">
<doc>Types the given ``text`` into the text field identified by ``locator``.</doc>
<arguments>
<arg>css:input[name='username']</arg>
<arg>${username}</arg>
</arguments>
<msg timestamp="20200503 20:22:17.858" level="INFO">Typing text 'stark' into text field 'css:input[name='username']'.</msg>
<status status="PASS" starttime="20200503 20:22:17.857" endtime="20200503 20:22:18.179"></status>
</kw>
<kw name="Input Text" library="SeleniumLibrary">
<doc>Types the given ``text`` into the text field identified by ``locator``.</doc>
<arguments>
<arg>css:input[name='password']</arg>
<arg>${password}</arg>
</arguments>
<msg timestamp="20200503 20:22:18.181" level="INFO">Typing text 'test!' into text field 'css:input[name='password']'.</msg>
<status status="PASS" starttime="20200503 20:22:18.180" endtime="20200503 20:22:18.485"></status>
</kw>
<kw name="Click Element" library="SeleniumLibrary">
<doc>Click the element identified by ``locator``.</doc>
<arguments>
<arg>class:btn-login</arg>
</arguments>
<msg timestamp="20200503 20:22:18.486" level="INFO">Clicking element 'class:btn-login'.</msg>
<status status="PASS" starttime="20200503 20:22:18.485" endtime="20200503 20:22:19.349"></status>
</kw>
<status status="PASS" starttime="20200503 20:22:17.856" endtime="20200503 20:22:19.349"></status>
</kw>
<kw name="Should Contain Login Alert">
<arguments>
<arg>Senha é invalida!</arg>
</arguments>
<kw name="Get WebElement" library="SeleniumLibrary">
<doc>Returns the first WebElement matching the given ``locator``.</doc>
<arguments>
<arg>id:flash</arg>
</arguments>
<assign>
<var>${message}</var>
</assign>
<msg timestamp="20200503 20:22:19.399" level="INFO">${message} = &lt;selenium.webdriver.remote.webelement.WebElement (session="d4f4c2db46c09d985a1016fc0f5eb0af", element="cc39ee09-feb7-495b-b41b-dcee644ff66a")&gt;</msg>
<status status="PASS" starttime="20200503 20:22:19.353" endtime="20200503 20:22:19.399"></status>
</kw>
<kw name="Should Contain" library="BuiltIn">
<doc>Fails if ``container`` does not contain ``item`` one or more times.</doc>
<arguments>
<arg>${message.text}</arg>
<arg>${expected_message}</arg>
</arguments>
<status status="PASS" starttime="20200503 20:22:19.399" endtime="20200503 20:22:19.442"></status>
</kw>
<status status="PASS" starttime="20200503 20:22:19.351" endtime="20200503 20:22:19.443"></status>
</kw>
<tags>
<tag>login_error</tag>
</tags>
<status status="PASS" starttime="20200503 20:22:17.372" endtime="20200503 20:22:19.445" critical="yes"></status>
</test>
<test id="s1-t3" name="Unsuccessful Login, invalid user">
<kw name="Go To" library="SeleniumLibrary">
<doc>Navigates the current browser window to the provided ``url``.</doc>
<arguments>
<arg>${url}/login</arg>
</arguments>
<msg timestamp="20200503 20:22:19.456" level="INFO">Opening url 'https://training-wheels-protocol.herokuapp.com//login'</msg>
<status status="PASS" starttime="20200503 20:22:19.455" endtime="20200503 20:22:20.002"></status>
</kw>
<kw name="Login With">
<arguments>
<arg>test</arg>
<arg>test!</arg>
</arguments>
<kw name="Input Text" library="SeleniumLibrary">
<doc>Types the given ``text`` into the text field identified by ``locator``.</doc>
<arguments>
<arg>css:input[name='username']</arg>
<arg>${username}</arg>
</arguments>
<msg timestamp="20200503 20:22:20.006" level="INFO">Typing text 'test' into text field 'css:input[name='username']'.</msg>
<status status="PASS" starttime="20200503 20:22:20.005" endtime="20200503 20:22:20.293"></status>
</kw>
<kw name="Input Text" library="SeleniumLibrary">
<doc>Types the given ``text`` into the text field identified by ``locator``.</doc>
<arguments>
<arg>css:input[name='password']</arg>
<arg>${password}</arg>
</arguments>
<msg timestamp="20200503 20:22:20.294" level="INFO">Typing text 'test!' into text field 'css:input[name='password']'.</msg>
<status status="PASS" starttime="20200503 20:22:20.294" endtime="20200503 20:22:20.596"></status>
</kw>
<kw name="Click Element" library="SeleniumLibrary">
<doc>Click the element identified by ``locator``.</doc>
<arguments>
<arg>class:btn-login</arg>
</arguments>
<msg timestamp="20200503 20:22:20.599" level="INFO">Clicking element 'class:btn-login'.</msg>
<status status="PASS" starttime="20200503 20:22:20.597" endtime="20200503 20:22:21.309"></status>
</kw>
<status status="PASS" starttime="20200503 20:22:20.003" endtime="20200503 20:22:21.309"></status>
</kw>
<kw name="Should Contain Login Alert">
<arguments>
<arg>O usuário informado não está cadastrado!</arg>
</arguments>
<kw name="Get WebElement" library="SeleniumLibrary">
<doc>Returns the first WebElement matching the given ``locator``.</doc>
<arguments>
<arg>id:flash</arg>
</arguments>
<assign>
<var>${message}</var>
</assign>
<msg timestamp="20200503 20:22:21.338" level="INFO">${message} = &lt;selenium.webdriver.remote.webelement.WebElement (session="d4f4c2db46c09d985a1016fc0f5eb0af", element="dcb1d042-44eb-4597-a97b-9d2d51acde7a")&gt;</msg>
<status status="PASS" starttime="20200503 20:22:21.313" endtime="20200503 20:22:21.338"></status>
</kw>
<kw name="Should Contain" library="BuiltIn">
<doc>Fails if ``container`` does not contain ``item`` one or more times.</doc>
<arguments>
<arg>${message.text}</arg>
<arg>${expected_message}</arg>
</arguments>
<status status="PASS" starttime="20200503 20:22:21.339" endtime="20200503 20:22:21.387"></status>
</kw>
<status status="PASS" starttime="20200503 20:22:21.311" endtime="20200503 20:22:21.387"></status>
</kw>
<tags>
<tag>login_error</tag>
</tags>
<status status="PASS" starttime="20200503 20:22:19.453" endtime="20200503 20:22:21.390" critical="yes"></status>
</test>
<kw name="Encerra sessão" library="base" type="teardown">
<kw name="Capture Page Screenshot" library="SeleniumLibrary">
<doc>Takes a screenshot of the current page and embeds it into a log file.</doc>
<msg timestamp="20200503 20:22:21.904" level="INFO" html="yes">&lt;/td&gt;&lt;/tr&gt;&lt;tr&gt;&lt;td colspan="3"&gt;&lt;a href="selenium-screenshot-27.png"&gt;&lt;img src="selenium-screenshot-27.png" width="800px"&gt;&lt;/a&gt;</msg>
<status status="PASS" starttime="20200503 20:22:21.403" endtime="20200503 20:22:21.904"></status>
</kw>
<kw name="Close Browser" library="SeleniumLibrary">
<doc>Closes the current browser.</doc>
<status status="PASS" starttime="20200503 20:22:21.905" endtime="20200503 20:22:24.163"></status>
</kw>
<status status="PASS" starttime="20200503 20:22:21.401" endtime="20200503 20:22:24.164"></status>
</kw>
<status status="PASS" starttime="20200503 20:22:01.813" endtime="20200503 20:22:24.164"></status>
</suite>
<statistics>
<total>
<stat pass="3" fail="0">Critical Tests</stat>
<stat pass="3" fail="0">All Tests</stat>
</total>
<tag>
<stat pass="2" fail="0">login_error</stat>
</tag>
<suite>
<stat pass="3" fail="0" id="s1" name="Login Form">Login Form</stat>
</suite>
</statistics>
<errors>
</errors>
</robot>
